<?xml version="1.0" encoding="UTF-8"?>
<testsuite name="exam03.AppTest" tests="1" skipped="0" failures="0" errors="0" timestamp="2023-12-01T01:39:21" hostname="DESKTOP-QSQS2PE" time="0.011">
  <properties/>
  <testcase name="appHasAGreeting()" classname="exam03.AppTest" time="0.011"/>
  <system-out><![CDATA[]]></system-out>
  <system-err><![CDATA[]]></system-err>
</testsuite>
